<?xml version="1.0" encoding="UTF-8"?>
<testsuite xmlns:xsi="http://www.w3.org/2001/XMLSchema-instance" xsi:noNamespaceSchemaLocation="https://maven.apache.org/surefire/maven-surefire-plugin/xsd/surefire-test-report-3.0.xsd" version="3.0" name="com.global.hr.Jobs4UApplicationTests" time="6.475" tests="1" errors="0" skipped="0" failures="0">
  <properties>
[...]
</properties>
  <testcase name="contextLoads" classname="com.global.hr.Jobs4UApplicationTests" time="0.487">
    <system-out><![CDATA[20:33:52.255 [main] INFO org.springframework.test.context.support.AnnotationConfigContextLoaderUtils -- Could not detect default configuration classes for test class [com.global.hr.Jobs4UApplicationTests]: Jobs4UApplicationTests does not declare any static, non-private, non-final, nested classes annotated with @Configuration.
20:33:52.364 [main] INFO org.springframework.boot.test.context.SpringBootTestContextBootstrapper -- Found @SpringBootConfiguration com.global.Jobs4UApplication for test class com.global.hr.Jobs4UApplicationTests

  .   ____          _            __ _ _
 /\\ / ___'_ __ _ _(_)_ __  __ _ \ \ \ \
( ( )\___ | '_ | '_| | '_ \/ _` | \ \ \ \
 \\/  ___)| |_)| | | | | || (_| |  ) ) ) )
  '  |____| .__|_| |_|_| |_\__, | / / / /
 =========|_|==============|___/=/_/_/_/
 :: Spring Boot ::                (v3.1.8)

2024-02-15T20:33:52.756+02:00  INFO 11828 --- [           main] com.global.hr.Jobs4UApplicationTests     : Starting Jobs4UApplicationTests using Java 17.0.10 with PID 11828 (started by Karim Osama in D:\Projects\GP Project\Jobs4U)
2024-02-15T20:33:52.758+02:00  INFO 11828 --- [           main] com.global.hr.Jobs4UApplicationTests     : No active profile set, falling back to 1 default profile: "default"
2024-02-15T20:33:53.915+02:00  INFO 11828 --- [           main] .s.d.r.c.RepositoryConfigurationDelegate : Bootstrapping Spring Data JPA repositories in DEFAULT mode.
2024-02-15T20:33:54.040+02:00  INFO 11828 --- [           main] .s.d.r.c.RepositoryConfigurationDelegate : Finished Spring Data repository scanning in 117 ms. Found 18 JPA repository interfaces.
2024-02-15T20:33:54.475+02:00  INFO 11828 --- [           main] o.hibernate.jpa.internal.util.LogHelper  : HHH000204: Processing PersistenceUnitInfo [name: default]
2024-02-15T20:33:54.538+02:00  INFO 11828 --- [           main] org.hibernate.Version                    : HHH000412: Hibernate ORM core version 6.2.20.Final
2024-02-15T20:33:54.541+02:00  INFO 11828 --- [           main] org.hibernate.cfg.Environment            : HHH000406: Using bytecode reflection optimizer
2024-02-15T20:33:54.836+02:00  INFO 11828 --- [           main] o.s.o.j.p.SpringPersistenceUnitInfo      : No LoadTimeWeaver setup: ignoring JPA class transformer
2024-02-15T20:33:54.862+02:00  INFO 11828 --- [           main] com.zaxxer.hikari.HikariDataSource       : HikariPool-1 - Starting...
2024-02-15T20:33:55.184+02:00  INFO 11828 --- [           main] com.zaxxer.hikari.pool.HikariPool        : HikariPool-1 - Added connection com.mysql.cj.jdbc.ConnectionImpl@77b71c9
2024-02-15T20:33:55.186+02:00  INFO 11828 --- [           main] com.zaxxer.hikari.HikariDataSource       : HikariPool-1 - Start completed.
2024-02-15T20:33:56.275+02:00  INFO 11828 --- [           main] o.h.e.t.j.p.i.JtaPlatformInitiator       : HHH000489: No JTA platform available (set 'hibernate.transaction.jta.platform' to enable JTA platform integration)
2024-02-15T20:33:56.473+02:00  INFO 11828 --- [           main] j.LocalContainerEntityManagerFactoryBean : Initialized JPA EntityManagerFactory for persistence unit 'default'
2024-02-15T20:33:56.868+02:00  INFO 11828 --- [           main] o.s.d.j.r.query.QueryEnhancerFactory     : Hibernate is in classpath; If applicable, HQL parser will be used.
2024-02-15T20:33:57.434+02:00  INFO 11828 --- [           main] f.a.AutowiredAnnotationBeanPostProcessor : Autowired annotation should only be used on methods with parameters: public java.util.List com.global.serviceImplement.UserServiceImpl.getAllUsers()
Hibernate: select u1_0.id,u1_0.age,u1_0.email,u1_0.fname,u1_0.gender,u1_0.lname,u1_0.password,u1_0.phone_number,u1_0.profile_picture from user u1_0
2024-02-15T20:33:57.683+02:00  WARN 11828 --- [           main] JpaBaseConfiguration$JpaWebConfiguration : spring.jpa.open-in-view is enabled by default. Therefore, database queries may be performed during view rendering. Explicitly configure spring.jpa.open-in-view to disable this warning
2024-02-15T20:33:58.032+02:00  INFO 11828 --- [           main] com.global.hr.Jobs4UApplicationTests     : Started Jobs4UApplicationTests in 5.509 seconds (process running for 6.58)
]]></system-out>
  </testcase>
</testsuite>